Arguments: 
  C:\Program Files\nodejs\node.exe C:\Program Files (x86)\Yarn\bin\yarn.js install

PATH: 
  C:\Python39\Scripts\;C:\Python39\;C:\Python38\Scripts\;C:\Python38\;C:\Program Files (x86)\Intel\Intel(R) Management Engine Components\iCLS\;C:\Program Files\Intel\Intel(R) Management Engine Components\iCLS\;C:\WINDOWS\system32;C:\WINDOWS;C:\WINDOWS\System32\Wbem;C:\WINDOWS\System32\WindowsPowerShell\v1.0\;C:\Program Files (x86)\Calibre2\;C:\Program Files\Microsoft SQL Server\Client SDK\ODBC\130\Tools\Binn\;C:\Program Files (x86)\Microsoft SQL Server\130\Tools\Binn\;C:\Program Files\Microsoft SQL Server\130\Tools\Binn\;C:\Program Files\Microsoft SQL Server\130\DTS\Binn\;C:\Program Files\PuTTY\;C:\WINDOWS\System32\OpenSSH\;C:\Program Files\Microsoft VS Code\bin;C:\Program Files (x86)\Intel\Intel(R) Management Engine Components\DAL;C:\Program Files\Intel\Intel(R) Management Engine Components\DAL;C:\Program Files\dotnet\;C:\Program Files\Git\cmd;C:\Program Files (x86)\Microsoft SQL Server\150\DTS\Binn\;C:\Program Files (x86)\Yarn\bin\;C:\Program Files\Microsoft SQL Server\Client SDK\ODBC\170\Tools\Binn\;C:\ProgramData\chocolatey\bin;C:\Python38\Scripts;C:\Python38\;C:\Python38\Lib;C:\Python38\DLLs;;C:\Program Files\Amazon\AWSSAMCLI\bin\;C:\Program Files\Amazon\AWSCLIV2\;C:\Program Files\nodejs\;C:\Program Files (x86)\dotnet\;C:\Program Files\PowerShell\7\;C:\Program Files\Cryptowatch Desktop\;C:\Program Files\Docker\Docker\resources\bin;C:\ProgramData\DockerDesktop\version-bin;C:\Users\Work\AppData\Local\Microsoft\WindowsApps;C:\Program Files\Nant\nant-0.92\bin;.bin;C:\Users\Work\AppData\Local\Yarn\bin;C:\Users\Work\AppData\Local\GitHubDesktop\bin;C:\Users\Work\.dotnet\tools;C:\Program Files (x86)\Microsoft SDKs\Windows\v10.0A\bin\NETFX 4.8 Tools\x64;c:\Program Files (x86)\Microsoft Visual Studio\2019\Professional\MSBuild\Current\Bin\;C:\Users\Work\.dotnet\tools;C:\Users\Work\AppData\Local\Programs\Microsoft VS Code\bin;C:\Users\Work\AppData\Roaming\npm;C:\Users\Work\AppData\Local\Programs\oh-my-posh\bin;C:\Users\Work\AppData\Local\Programs\oh-my-posh\themes;C:\Program Files (x86)\GitHub CLI\

Yarn version: 
  1.22.4

Node version: 
  14.15.4

Platform: 
  win32 x64

Trace: 
  Error: ENOENT: no such file or directory, copyfile 'C:\Users\Work\AppData\Local\Yarn\Cache\v6\npm-merkle-patricia-tree-4.2.0-a204b9041be5c25e8d14f0ff47021de090e811a1-integrity\node_modules\merkle-patricia-tree\dist\util\hex.js' -> 'C:\Dev\shravan\templates\hardhat-ethers-vite-react-typescript-tailwind-template\packages\hardhat\node_modules\merkle-patricia-tree\dist\util\hex.js'

npm manifest: 
  {
     "name": "app",
     "version": "0.1.0",
     "license": "MIT",
     "scripts": {
        "dev": "vite",
        "build": "tsc && vite build",
        "serve": "vite preview"
     },
     "dependencies": {
        "@emotion/react": "^11.4.0",
        "@emotion/styled": "^11.3.0",
        "@ethersproject/address": "^5.0.5",
        "@ethersproject/bignumber": "^5.0.8",
        "@ethersproject/bytes": "^5.0.5",
        "@ethersproject/contracts": "^5.0.5",
        "@ethersproject/providers": "^5.0.12",
        "@ethersproject/solidity": "^5.0.9",
        "@ethersproject/units": "^5.0.6",
        "@fortawesome/fontawesome-svg-core": "^1.2.35",
        "@fortawesome/free-solid-svg-icons": "^5.15.3",
        "@fortawesome/react-fontawesome": "^0.1.14",
        "@material-ui/core": "next",
        "@material-ui/icons": "next",
        "@material-ui/lab": "next",
        "@maticnetwork/maticjs": "^2.0.40",
        "ethers": "^5.2.0",
        "observable-hooks": "^4.0.3",
        "react": "^17.0.2",
        "react-dom": "^17.0.2",
        "react-error-boundary": "^3.1.3",
        "react-router": "next",
        "react-router-dom": "next",
        "recoil": "^0.3.1",
        "rxjs": "^7.1.0"
     },
     "devDependencies": {
        "@emotion/types": "^0.7.0",
        "@nomiclabs/hardhat-ethers": "^2.0.2",
        "@nomiclabs/hardhat-waffle": "^2.0.1",
        "@tailwindcss/jit": "^0.1.18",
        "@typechain/hardhat": "^2.0.1",
        "@types/jest": "^26.0.23",
        "@types/node": "^15.6.0",
        "@types/react": "^17.0.6",
        "@types/react-dom": "^17.0.0",
        "@vitejs/plugin-react-refresh": "^1.3.1",
        "autoprefixer": "^10.2.5",
        "eslint": "^7.25.0",
        "eslint-config-airbnb": "^18.2.1",
        "eslint-config-airbnb-typescript": "^12.3.1",
        "eslint-config-prettier": "^8.3.0",
        "eslint-plugin-formatjs": "^2.14.9",
        "eslint-plugin-import": "^2.22.1",
        "eslint-plugin-jest": "^24.3.6",
        "eslint-plugin-jsx-a11y": "^6.4.1",
        "eslint-plugin-prettier": "^3.4.0",
        "eslint-plugin-react": "^7.23.2",
        "eslint-plugin-react-hooks": "^4.2.0",
        "eslint-plugin-tailwind": "^0.2.1",
        "postcss": "^8.3.0",
        "prettier": "^2.3.0",
        "stylelint": "^13.13.1",
        "stylelint-config-recommended": "^5.0.0",
        "tailwindcss": "^2.1.2",
        "ts-node": "^10.0.0",
        "twin.macro": "^2.4.2",
        "typescript": "^4.1.2",
        "vite": "^2.3.3",
        "vite-plugin-babel-macros": "^1.0.5",
        "vite-tsconfig-paths": "^3.3.12"
     },
     "browserslist": {
        "production": [
           "last 4 chrome version",
           "last 4 firefox version",
           "last 2 safari version"
        ],
        "development": [
           "last 1 chrome version",
           "last 1 firefox version",
           "last 1 safari version"
        ]
     }
  }

yarn manifest: 
  No manifest

Lockfile: 
  No lockfile
